16:45:05.837 INFO - Selenium build info: version: '3.4.0', revision: 'unknown'
16:45:05.837 INFO - Launching a standalone Selenium Server
2017-06-15 16:45:05.853:INFO::main: Logging initialized @191ms to org.seleniumhq.jetty9.util.log.StdErrLog
16:45:05.900 INFO - Driver class not found: com.opera.core.systems.OperaDriver
16:45:05.900 INFO - Driver provider com.opera.core.systems.OperaDriver registration is skipped:
Unable to create new instances on this machine.
16:45:05.900 INFO - Driver class not found: com.opera.core.systems.OperaDriver
16:45:05.900 INFO - Driver provider com.opera.core.systems.OperaDriver is not registered
16:45:05.900 INFO - Driver provider org.openqa.selenium.safari.SafariDriver registration is skipped:
 registration capabilities Capabilities [{browserName=safari, version=, platform=MAC}] does not match the current platform WIN10
2017-06-15 16:45:05.931:INFO:osjs.Server:main: jetty-9.4.3.v20170317
2017-06-15 16:45:05.962:INFO:osjsh.ContextHandler:main: Started o.s.j.s.ServletContextHandler@d8355a8{/,null,AVAILABLE}
2017-06-15 16:45:06.068:INFO:osjs.AbstractConnector:main: Started ServerConnector@5f2108b5{HTTP/1.1,[http/1.1]}{0.0.0.0:4444}
2017-06-15 16:45:06.068:INFO:osjs.Server:main: Started @404ms
16:45:06.068 INFO - Selenium Server is up and running
16:45:06.287 INFO - SessionCleaner initialized with insideBrowserTimeout 0 and clientGoneTimeout 1800000 polling every 180000
16:45:06.303 INFO - Executing: [new session: Capabilities [{acceptSslCerts=true, name=01 Nwt Login, browserName=chrome, javascriptEnabled=true, platform=ANY}]])
16:45:06.318 INFO - Creating a new session for Capabilities [{acceptSslCerts=true, name=01 Nwt Login, browserName=chrome, javascriptEnabled=true, platform=ANY}]
Starting ChromeDriver 2.29.461591 (62ebf098771772160f391d75e589dc567915b233) on port 19987
Only local connections are allowed.
16:45:08.645 INFO - Detected dialect: OSS
16:45:08.692 INFO - Done: [new session: Capabilities [{acceptSslCerts=true, name=01 Nwt Login, browserName=chrome, javascriptEnabled=true, platform=ANY}]]
16:45:08.708 INFO - Executing: [get: https://lucky13-dev.herokuapp.com/])
16:45:10.386 INFO - Done: [get: https://lucky13-dev.herokuapp.com/]
16:45:10.406 INFO - Executing: [find elements: By.cssSelector: body])
16:45:10.502 INFO - Done: [find elements: By.cssSelector: body]
16:45:10.510 INFO - Executing: [is displayed: 0 [[ChromeDriver: chrome on XP (af3aeecd6f129374094364d1726c19fc)] -> css selector: body]])
16:45:10.534 INFO - Done: [is displayed: 0 [[ChromeDriver: chrome on XP (af3aeecd6f129374094364d1726c19fc)] -> css selector: body]]
16:45:10.542 INFO - Executing: [find element: By.cssSelector: a[href='login.html']])
16:45:10.562 INFO - Done: [find element: By.cssSelector: a[href='login.html']]
16:45:10.566 INFO - Executing: [click: 1 [[ChromeDriver: chrome on XP (af3aeecd6f129374094364d1726c19fc)] -> css selector: a[href='login.html']]])
16:45:11.711 INFO - Done: [click: 1 [[ChromeDriver: chrome on XP (af3aeecd6f129374094364d1726c19fc)] -> css selector: a[href='login.html']]]
16:45:11.715 INFO - Executing: [find elements: By.cssSelector: #username])
16:45:11.739 INFO - Done: [find elements: By.cssSelector: #username]
16:45:11.743 INFO - Executing: [is displayed: 2 [[ChromeDriver: chrome on XP (af3aeecd6f129374094364d1726c19fc)] -> css selector: #username]])
16:45:11.763 INFO - Done: [is displayed: 2 [[ChromeDriver: chrome on XP (af3aeecd6f129374094364d1726c19fc)] -> css selector: #username]]
16:45:12.272 INFO - Executing: [is displayed: 2 [[ChromeDriver: chrome on XP (af3aeecd6f129374094364d1726c19fc)] -> css selector: #username]])
16:45:12.300 INFO - Done: [is displayed: 2 [[ChromeDriver: chrome on XP (af3aeecd6f129374094364d1726c19fc)] -> css selector: #username]]
16:45:12.312 INFO - Executing: [find element: By.cssSelector: #username])
16:45:12.364 INFO - Done: [find element: By.cssSelector: #username]
16:45:12.368 INFO - Executing: [send keys: 2 [[ChromeDriver: chrome on XP (af3aeecd6f129374094364d1726c19fc)] -> css selector: #username], [a, h, @, u, c, s, d, ., e, d, u]])
16:45:12.468 INFO - Done: [send keys: 2 [[ChromeDriver: chrome on XP (af3aeecd6f129374094364d1726c19fc)] -> css selector: #username], [a, h, @, u, c, s, d, ., e, d, u]]
16:45:12.472 INFO - Executing: [find element: By.cssSelector: #password])
16:45:12.488 INFO - Done: [find element: By.cssSelector: #password]
16:45:12.492 INFO - Executing: [send keys: 3 [[ChromeDriver: chrome on XP (af3aeecd6f129374094364d1726c19fc)] -> css selector: #password], [A, a, 1, 2, 3, 1, 2, 3]])
16:45:12.568 INFO - Done: [send keys: 3 [[ChromeDriver: chrome on XP (af3aeecd6f129374094364d1726c19fc)] -> css selector: #password], [A, a, 1, 2, 3, 1, 2, 3]]
16:45:12.572 INFO - Executing: [find element: By.cssSelector: #loginButton])
16:45:12.592 INFO - Done: [find element: By.cssSelector: #loginButton]
16:45:12.596 INFO - Executing: [click: 4 [[ChromeDriver: chrome on XP (af3aeecd6f129374094364d1726c19fc)] -> css selector: #loginButton]])
16:45:12.660 INFO - Done: [click: 4 [[ChromeDriver: chrome on XP (af3aeecd6f129374094364d1726c19fc)] -> css selector: #loginButton]]
16:45:12.664 INFO - Executing: [find elements: By.cssSelector: #visitor-queue])
16:45:12.684 INFO - Done: [find elements: By.cssSelector: #visitor-queue]
16:45:13.194 INFO - Executing: [find elements: By.cssSelector: #visitor-queue])
16:45:14.010 INFO - Done: [find elements: By.cssSelector: #visitor-queue]
16:45:14.010 INFO - Executing: [is displayed: 5 [[ChromeDriver: chrome on XP (af3aeecd6f129374094364d1726c19fc)] -> css selector: #visitor-queue]])
16:45:14.062 INFO - Done: [is displayed: 5 [[ChromeDriver: chrome on XP (af3aeecd6f129374094364d1726c19fc)] -> css selector: #visitor-queue]]
16:45:14.066 INFO - Executing: [delete session: 816229a8-2f9d-4aa3-a135-0f68a264e03f])
16:45:14.919 INFO - Done: [delete session: 816229a8-2f9d-4aa3-a135-0f68a264e03f]
16:45:14.950 INFO - Executing: [new session: Capabilities [{acceptSslCerts=true, name=02 Nwt Logout, browserName=chrome, javascriptEnabled=true, platform=ANY}]])
16:45:14.950 INFO - Creating a new session for Capabilities [{acceptSslCerts=true, name=02 Nwt Logout, browserName=chrome, javascriptEnabled=true, platform=ANY}]
Starting ChromeDriver 2.29.461591 (62ebf098771772160f391d75e589dc567915b233) on port 5843
Only local connections are allowed.
16:45:16.887 INFO - Detected dialect: OSS
16:45:16.887 INFO - Done: [new session: Capabilities [{acceptSslCerts=true, name=02 Nwt Logout, browserName=chrome, javascriptEnabled=true, platform=ANY}]]
16:45:16.902 INFO - Executing: [get: https://lucky13-dev.herokuapp.com/])
16:45:18.505 INFO - Done: [get: https://lucky13-dev.herokuapp.com/]
16:45:18.521 INFO - Executing: [find elements: By.cssSelector: body])
16:45:18.577 INFO - Done: [find elements: By.cssSelector: body]
16:45:18.585 INFO - Executing: [is displayed: 0 [[ChromeDriver: chrome on XP (d9bd65d493931c6a1fe0ff11b5f0643f)] -> css selector: body]])
16:45:18.613 INFO - Done: [is displayed: 0 [[ChromeDriver: chrome on XP (d9bd65d493931c6a1fe0ff11b5f0643f)] -> css selector: body]]
16:45:18.617 INFO - Executing: [find element: By.cssSelector: a[href='login.html']])
16:45:18.641 INFO - Done: [find element: By.cssSelector: a[href='login.html']]
16:45:18.641 INFO - Executing: [click: 1 [[ChromeDriver: chrome on XP (d9bd65d493931c6a1fe0ff11b5f0643f)] -> css selector: a[href='login.html']]])
16:45:19.850 INFO - Done: [click: 1 [[ChromeDriver: chrome on XP (d9bd65d493931c6a1fe0ff11b5f0643f)] -> css selector: a[href='login.html']]]
16:45:19.854 INFO - Executing: [find elements: By.cssSelector: #username])
16:45:19.874 INFO - Done: [find elements: By.cssSelector: #username]
16:45:19.878 INFO - Executing: [is displayed: 2 [[ChromeDriver: chrome on XP (d9bd65d493931c6a1fe0ff11b5f0643f)] -> css selector: #username]])
16:45:19.898 INFO - Done: [is displayed: 2 [[ChromeDriver: chrome on XP (d9bd65d493931c6a1fe0ff11b5f0643f)] -> css selector: #username]]
16:45:20.406 INFO - Executing: [is displayed: 2 [[ChromeDriver: chrome on XP (d9bd65d493931c6a1fe0ff11b5f0643f)] -> css selector: #username]])
16:45:20.430 INFO - Done: [is displayed: 2 [[ChromeDriver: chrome on XP (d9bd65d493931c6a1fe0ff11b5f0643f)] -> css selector: #username]]
16:45:20.442 INFO - Executing: [find element: By.cssSelector: #username])
16:45:20.498 INFO - Done: [find element: By.cssSelector: #username]
16:45:20.510 INFO - Executing: [send keys: 2 [[ChromeDriver: chrome on XP (d9bd65d493931c6a1fe0ff11b5f0643f)] -> css selector: #username], [a, h, @, u, c, s, d, ., e, d, u]])
16:45:20.654 INFO - Done: [send keys: 2 [[ChromeDriver: chrome on XP (d9bd65d493931c6a1fe0ff11b5f0643f)] -> css selector: #username], [a, h, @, u, c, s, d, ., e, d, u]]
16:45:20.658 INFO - Executing: [find element: By.cssSelector: #password])
16:45:20.678 INFO - Done: [find element: By.cssSelector: #password]
16:45:20.682 INFO - Executing: [send keys: 3 [[ChromeDriver: chrome on XP (d9bd65d493931c6a1fe0ff11b5f0643f)] -> css selector: #password], [A, a, 1, 2, 3, 1, 2, 3]])
16:45:20.750 INFO - Done: [send keys: 3 [[ChromeDriver: chrome on XP (d9bd65d493931c6a1fe0ff11b5f0643f)] -> css selector: #password], [A, a, 1, 2, 3, 1, 2, 3]]
16:45:20.754 INFO - Executing: [find element: By.cssSelector: #loginButton])
16:45:20.774 INFO - Done: [find element: By.cssSelector: #loginButton]
16:45:20.778 INFO - Executing: [click: 4 [[ChromeDriver: chrome on XP (d9bd65d493931c6a1fe0ff11b5f0643f)] -> css selector: #loginButton]])
16:45:20.838 INFO - Done: [click: 4 [[ChromeDriver: chrome on XP (d9bd65d493931c6a1fe0ff11b5f0643f)] -> css selector: #loginButton]]
16:45:20.842 INFO - Executing: [find elements: By.cssSelector: #visitor-queue])
16:45:20.862 INFO - Done: [find elements: By.cssSelector: #visitor-queue]
16:45:21.365 INFO - Executing: [find elements: By.cssSelector: #visitor-queue])
16:45:22.229 INFO - Done: [find elements: By.cssSelector: #visitor-queue]
16:45:22.233 INFO - Executing: [is displayed: 5 [[ChromeDriver: chrome on XP (d9bd65d493931c6a1fe0ff11b5f0643f)] -> css selector: #visitor-queue]])
16:45:22.253 INFO - Done: [is displayed: 5 [[ChromeDriver: chrome on XP (d9bd65d493931c6a1fe0ff11b5f0643f)] -> css selector: #visitor-queue]]
16:45:22.257 INFO - Executing: [find element: By.cssSelector: #logoutButton])
16:45:22.530 WARN - Exception thrown
org.openqa.selenium.NoSuchElementException: no such element: Unable to locate element: {"method":"css selector","selector":"#logoutButton"}
  (Session info: chrome=58.0.3029.110)
  (Driver info: chromedriver=2.29.461591 (62ebf098771772160f391d75e589dc567915b233),platform=Windows NT 10.0.14393 x86_64) (WARNING: The server did not provide any stacktrace information)
Command duration or timeout: 24 milliseconds
For documentation on this error, please visit: http://seleniumhq.org/exceptions/no_such_element.html
Build info: version: '3.4.0', revision: 'unknown', time: 'unknown'
System info: host: 'JID-ASUSGL502VT', ip: '192.168.56.1', os.name: 'Windows 10', os.arch: 'amd64', os.version: '10.0', java.version: '1.8.0_131'
Driver info: org.openqa.selenium.chrome.ChromeDriver
Capabilities [{applicationCacheEnabled=false, rotatable=false, mobileEmulationEnabled=false, networkConnectionEnabled=false, chrome={chromedriverVersion=2.29.461591 (62ebf098771772160f391d75e589dc567915b233), userDataDir=C:\Users\JID\AppData\Local\Temp\scoped_dir11204_24137}, takesHeapSnapshot=true, pageLoadStrategy=normal, databaseEnabled=false, handlesAlerts=true, hasTouchScreen=false, version=58.0.3029.110, platform=XP, browserConnectionEnabled=false, nativeEvents=true, acceptSslCerts=true, locationContextEnabled=true, webStorageEnabled=true, browserName=chrome, takesScreenshot=true, javascriptEnabled=true, cssSelectorsEnabled=true, unexpectedAlertBehaviour=}]
Session ID: d9bd65d493931c6a1fe0ff11b5f0643f
*** Element info: {Using=css selector, value=#logoutButton}
	at sun.reflect.NativeConstructorAccessorImpl.newInstance0(Native Method)
	at sun.reflect.NativeConstructorAccessorImpl.newInstance(Unknown Source)
	at sun.reflect.DelegatingConstructorAccessorImpl.newInstance(Unknown Source)
	at java.lang.reflect.Constructor.newInstance(Unknown Source)
	at org.openqa.selenium.remote.ErrorHandler.createThrowable(ErrorHandler.java:215)
	at org.openqa.selenium.remote.ErrorHandler.throwIfResponseFailed(ErrorHandler.java:167)
	at org.openqa.selenium.remote.RemoteWebDriver.execute(RemoteWebDriver.java:671)
	at org.openqa.selenium.remote.RemoteWebDriver.findElement(RemoteWebDriver.java:410)
	at org.openqa.selenium.remote.RemoteWebDriver.findElementByCssSelector(RemoteWebDriver.java:501)
	at org.openqa.selenium.By$ByCssSelector.findElement(By.java:430)
	at org.openqa.selenium.remote.RemoteWebDriver.findElement(RemoteWebDriver.java:402)
	at sun.reflect.NativeMethodAccessorImpl.invoke0(Native Method)
	at sun.reflect.NativeMethodAccessorImpl.invoke(Unknown Source)
	at sun.reflect.DelegatingMethodAccessorImpl.invoke(Unknown Source)
	at java.lang.reflect.Method.invoke(Unknown Source)
	at org.openqa.selenium.support.events.EventFiringWebDriver$2.invoke(EventFiringWebDriver.java:104)
	at com.sun.proxy.$Proxy4.findElement(Unknown Source)
	at org.openqa.selenium.support.events.EventFiringWebDriver.findElement(EventFiringWebDriver.java:188)
	at org.openqa.selenium.remote.server.handler.FindElement.call(FindElement.java:48)
	at org.openqa.selenium.remote.server.handler.FindElement.call(FindElement.java:33)
	at java.util.concurrent.FutureTask.run(Unknown Source)
	at org.openqa.selenium.remote.server.DefaultSession$1.run(DefaultSession.java:176)
	at java.util.concurrent.ThreadPoolExecutor.runWorker(Unknown Source)
	at java.util.concurrent.ThreadPoolExecutor$Worker.run(Unknown Source)
	at java.lang.Thread.run(Unknown Source)
16:45:22.530 WARN - Exception: no such element: Unable to locate element: {"method":"css selector","selector":"#logoutButton"}
  (Session info: chrome=58.0.3029.110)
  (Driver info: chromedriver=2.29.461591 (62ebf098771772160f391d75e589dc567915b233),platform=Windows NT 10.0.14393 x86_64) (WARNING: The server did not provide any stacktrace information)
Command duration or timeout: 24 milliseconds
For documentation on this error, please visit: http://seleniumhq.org/exceptions/no_such_element.html
Build info: version: '3.4.0', revision: 'unknown', time: 'unknown'
System info: host: 'JID-ASUSGL502VT', ip: '192.168.56.1', os.name: 'Windows 10', os.arch: 'amd64', os.version: '10.0', java.version: '1.8.0_131'
Driver info: org.openqa.selenium.chrome.ChromeDriver
Capabilities [{applicationCacheEnabled=false, rotatable=false, mobileEmulationEnabled=false, networkConnectionEnabled=false, chrome={chromedriverVersion=2.29.461591 (62ebf098771772160f391d75e589dc567915b233), userDataDir=C:\Users\JID\AppData\Local\Temp\scoped_dir11204_24137}, takesHeapSnapshot=true, pageLoadStrategy=normal, databaseEnabled=false, handlesAlerts=true, hasTouchScreen=false, version=58.0.3029.110, platform=XP, browserConnectionEnabled=false, nativeEvents=true, acceptSslCerts=true, locationContextEnabled=true, webStorageEnabled=true, browserName=chrome, takesScreenshot=true, javascriptEnabled=true, cssSelectorsEnabled=true, unexpectedAlertBehaviour=}]
Session ID: d9bd65d493931c6a1fe0ff11b5f0643f
*** Element info: {Using=css selector, value=#logoutButton}
16:45:22.581 INFO - Executing: [delete session: 70ab3979-365d-4d42-a9c0-997dcc848b5d])
16:45:23.374 INFO - Done: [delete session: 70ab3979-365d-4d42-a9c0-997dcc848b5d]
